# JRE version: Java(TM) SE Runtime Environment (17.0.12+8) (build 17.0.12+8-LTS-286)
# Java VM: Java HotSpot(TM) 64-Bit Server VM (17.0.12+8-LTS-286, mixed mode, sharing, tiered, compressed oops, compressed class ptrs, g1 gc, windows-amd64)
GC Precious Log:
 CPUs: 8 total, 8 available
 Memory: 8029M
 Large Page Support: Disabled
 NUMA Support: Disabled
 Compressed Oops: Enabled (32-bit)
 Heap Region Size: 1M
 Heap Min Capacity: 8M
 Heap Initial Capacity: 126M
 Heap Max Capacity: 2008M
 Pre-touch: Disabled
 Parallel Workers: 8
 Concurrent Workers: 2
 Concurrent Refinement Workers: 8
 Periodic GC: Disabled
Heap:
 garbage-first heap   total 73728K, used 52394K [0x0000000082800000, 0x0000000100000000)
  region size 1024K, 25 young (25600K), 1 survivors (1024K)
 Metaspace       used 64247K, committed 64768K, reserved 1114112K
  class space    used 8663K, committed 8960K, reserved 1048576K
GC Heap History (20 events):
Event: 3.174 GC heap before
{Heap before GC invocations=2 (full 0):
 garbage-first heap   total 129024K, used 72188K [0x0000000082800000, 0x0000000100000000)
  region size 1024K, 65 young (66560K), 3 survivors (3072K)
 Metaspace       used 21286K, committed 21504K, reserved 1114112K
  class space    used 2568K, committed 2688K, reserved 1048576K
}
Event: 3.186 GC heap after
{Heap after GC invocations=3 (full 0):
 garbage-first heap   total 129024K, used 16085K [0x0000000082800000, 0x0000000100000000)
  region size 1024K, 8 young (8192K), 8 survivors (8192K)
 Metaspace       used 21286K, committed 21504K, reserved 1114112K
  class space    used 2568K, committed 2688K, reserved 1048576K
}
Event: 4.112 GC heap before
{Heap before GC invocations=4 (full 0):
 garbage-first heap   total 61440K, used 44757K [0x0000000082800000, 0x0000000100000000)
  region size 1024K, 36 young (36864K), 8 survivors (8192K)
 Metaspace       used 25505K, committed 25856K, reserved 1114112K
  class space    used 3245K, committed 3392K, reserved 1048576K
}
Event: 4.129 GC heap after
{Heap after GC invocations=5 (full 0):
 garbage-first heap   total 61440K, used 18039K [0x0000000082800000, 0x0000000100000000)
  region size 1024K, 3 young (3072K), 3 survivors (3072K)
 Metaspace       used 25505K, committed 25856K, reserved 1114112K
  class space    used 3245K, committed 3392K, reserved 1048576K
}
Event: 5.055 GC heap before
{Heap before GC invocations=5 (full 0):
 garbage-first heap   total 61440K, used 40567K [0x0000000082800000, 0x0000000100000000)
  region size 1024K, 26 young (26624K), 3 survivors (3072K)
 Metaspace       used 29202K, committed 29632K, reserved 1114112K
  class space    used 3783K, committed 3968K, reserved 1048576K
}
Event: 5.063 GC heap after
{Heap after GC invocations=6 (full 0):
 garbage-first heap   total 61440K, used 19576K [0x0000000082800000, 0x0000000100000000)
  region size 1024K, 4 young (4096K), 4 survivors (4096K)
 Metaspace       used 29202K, committed 29632K, reserved 1114112K
  class space    used 3783K, committed 3968K, reserved 1048576K
}
Event: 5.934 GC heap before
{Heap before GC invocations=6 (full 0):
 garbage-first heap   total 61440K, used 43128K [0x0000000082800000, 0x0000000100000000)
  region size 1024K, 27 young (27648K), 4 survivors (4096K)
 Metaspace       used 32965K, committed 33344K, reserved 1114112K
  class space    used 4275K, committed 4480K, reserved 1048576K
}
Event: 5.944 GC heap after
{Heap after GC invocations=7 (full 0):
 garbage-first heap   total 61440K, used 21500K [0x0000000082800000, 0x0000000100000000)
  region size 1024K, 4 young (4096K), 4 survivors (4096K)
 Metaspace       used 32965K, committed 33344K, reserved 1114112K
  class space    used 4275K, committed 4480K, reserved 1048576K
}
Event: 6.403 GC heap before
{Heap before GC invocations=7 (full 0):
 garbage-first heap   total 61440K, used 33788K [0x0000000082800000, 0x0000000100000000)
  region size 1024K, 18 young (18432K), 4 survivors (4096K)
 Metaspace       used 35525K, committed 35968K, reserved 1114112K
  class space    used 4632K, committed 4864K, reserved 1048576K
}
Event: 6.415 GC heap after
{Heap after GC invocations=8 (full 0):
 garbage-first heap   total 61440K, used 22392K [0x0000000082800000, 0x0000000100000000)
  region size 1024K, 3 young (3072K), 3 survivors (3072K)
 Metaspace       used 35525K, committed 35968K, reserved 1114112K
  class space    used 4632K, committed 4864K, reserved 1048576K
}
Event: 7.088 GC heap before
{Heap before GC invocations=9 (full 0):
 garbage-first heap   total 61440K, used 45944K [0x0000000082800000, 0x0000000100000000)
  region size 1024K, 26 young (26624K), 3 survivors (3072K)
 Metaspace       used 41450K, committed 41856K, reserved 1114112K
  class space    used 5527K, committed 5696K, reserved 1048576K
}
Event: 7.097 GC heap after
{Heap after GC invocations=10 (full 0):
 garbage-first heap   total 61440K, used 23812K [0x0000000082800000, 0x0000000100000000)
  region size 1024K, 3 young (3072K), 3 survivors (3072K)
 Metaspace       used 41450K, committed 41856K, reserved 1114112K
  class space    used 5527K, committed 5696K, reserved 1048576K
}
Event: 8.041 GC heap before
{Heap before GC invocations=10 (full 0):
 garbage-first heap   total 61440K, used 46340K [0x0000000082800000, 0x0000000100000000)
  region size 1024K, 25 young (25600K), 3 survivors (3072K)
 Metaspace       used 50182K, committed 50624K, reserved 1114112K
  class space    used 6633K, committed 6848K, reserved 1048576K
}
Event: 8.050 GC heap after
{Heap after GC invocations=11 (full 0):
 garbage-first heap   total 73728K, used 26222K [0x0000000082800000, 0x0000000100000000)
  region size 1024K, 4 young (4096K), 4 survivors (4096K)
 Metaspace       used 50182K, committed 50624K, reserved 1114112K
  class space    used 6633K, committed 6848K, reserved 1048576K
}
Event: 8.752 GC heap before
{Heap before GC invocations=11 (full 0):
 garbage-first heap   total 73728K, used 54894K [0x0000000082800000, 0x0000000100000000)
  region size 1024K, 33 young (33792K), 4 survivors (4096K)
 Metaspace       used 57617K, committed 58112K, reserved 1114112K
  class space    used 7747K, committed 8000K, reserved 1048576K
}
Event: 8.763 GC heap after
{Heap after GC invocations=12 (full 0):
 garbage-first heap   total 73728K, used 28289K [0x0000000082800000, 0x0000000100000000)
  region size 1024K, 5 young (5120K), 5 survivors (5120K)
 Metaspace       used 57617K, committed 58112K, reserved 1114112K
  class space    used 7747K, committed 8000K, reserved 1048576K
}
Event: 9.173 GC heap before
{Heap before GC invocations=12 (full 0):
 garbage-first heap   total 73728K, used 55937K [0x0000000082800000, 0x0000000100000000)
  region size 1024K, 32 young (32768K), 5 survivors (5120K)
 Metaspace       used 59493K, committed 60032K, reserved 1114112K
  class space    used 7983K, committed 8256K, reserved 1048576K
}
Event: 9.180 GC heap after
{Heap after GC invocations=13 (full 0):
 garbage-first heap   total 73728K, used 28634K [0x0000000082800000, 0x0000000100000000)
  region size 1024K, 3 young (3072K), 3 survivors (3072K)
 Metaspace       used 59493K, committed 60032K, reserved 1114112K
  class space    used 7983K, committed 8256K, reserved 1048576K
}
Event: 9.202 GC heap before
{Heap before GC invocations=13 (full 0):
 garbage-first heap   total 73728K, used 29658K [0x0000000082800000, 0x0000000100000000)
  region size 1024K, 5 young (5120K), 3 survivors (3072K)
 Metaspace       used 59704K, committed 60160K, reserved 1114112K
  class space    used 8017K, committed 8256K, reserved 1048576K
}
Event: 9.207 GC heap after
{Heap after GC invocations=14 (full 0):
 garbage-first heap   total 73728K, used 28842K [0x0000000082800000, 0x0000000100000000)
  region size 1024K, 1 young (1024K), 1 survivors (1024K)
 Metaspace       used 59704K, committed 60160K, reserved 1114112K
  class space    used 8017K, committed 8256K, reserved 1048576K
}

