# JRE version: Java(TM) SE Runtime Environment (17.0.12+8) (build 17.0.12+8-LTS-286)
# Java VM: Java HotSpot(TM) 64-Bit Server VM (17.0.12+8-LTS-286, mixed mode, sharing, tiered, compressed oops, compressed class ptrs, g1 gc, windows-amd64)
GC Precious Log:
 CPUs: 8 total, 8 available
 Memory: 8029M
 Large Page Support: Disabled
 NUMA Support: Disabled
 Compressed Oops: Enabled (32-bit)
 Heap Region Size: 1M
 Heap Min Capacity: 8M
 Heap Initial Capacity: 126M
 Heap Max Capacity: 2008M
 Pre-touch: Disabled
 Parallel Workers: 8
 Concurrent Workers: 2
 Concurrent Refinement Workers: 8
 Periodic GC: Disabled
Heap:
 garbage-first heap   total 107520K, used 68683K [0x0000000082800000, 0x0000000100000000)
  region size 1024K, 23 young (23552K), 2 survivors (2048K)
 Metaspace       used 93671K, committed 94592K, reserved 1179648K
  class space    used 12316K, committed 12736K, reserved 1048576K
GC Heap History (20 events):
Event: 10.367 GC heap before
{Heap before GC invocations=20 (full 0):
 garbage-first heap   total 84992K, used 68109K [0x0000000082800000, 0x0000000100000000)
  region size 1024K, 32 young (32768K), 4 survivors (4096K)
 Metaspace       used 79200K, committed 79872K, reserved 1179648K
  class space    used 10822K, committed 11136K, reserved 1048576K
}
Event: 10.371 GC heap after
{Heap after GC invocations=21 (full 0):
 garbage-first heap   total 84992K, used 41416K [0x0000000082800000, 0x0000000100000000)
  region size 1024K, 4 young (4096K), 4 survivors (4096K)
 Metaspace       used 79200K, committed 79872K, reserved 1179648K
  class space    used 10822K, committed 11136K, reserved 1048576K
}
Event: 10.775 GC heap before
{Heap before GC invocations=21 (full 0):
 garbage-first heap   total 84992K, used 69064K [0x0000000082800000, 0x0000000100000000)
  region size 1024K, 31 young (31744K), 4 survivors (4096K)
 Metaspace       used 81503K, committed 82176K, reserved 1179648K
  class space    used 11168K, committed 11520K, reserved 1048576K
}
Event: 10.779 GC heap after
{Heap after GC invocations=22 (full 0):
 garbage-first heap   total 84992K, used 43528K [0x0000000082800000, 0x0000000100000000)
  region size 1024K, 4 young (4096K), 4 survivors (4096K)
 Metaspace       used 81503K, committed 82176K, reserved 1179648K
  class space    used 11168K, committed 11520K, reserved 1048576K
}
Event: 11.118 GC heap before
{Heap before GC invocations=22 (full 0):
 garbage-first heap   total 84992K, used 69128K [0x0000000082800000, 0x0000000100000000)
  region size 1024K, 29 young (29696K), 4 survivors (4096K)
 Metaspace       used 85646K, committed 86272K, reserved 1179648K
  class space    used 11722K, committed 12032K, reserved 1048576K
}
Event: 11.129 GC heap after
{Heap after GC invocations=23 (full 0):
 garbage-first heap   total 84992K, used 45496K [0x0000000082800000, 0x0000000100000000)
  region size 1024K, 3 young (3072K), 3 survivors (3072K)
 Metaspace       used 85646K, committed 86272K, reserved 1179648K
  class space    used 11722K, committed 12032K, reserved 1048576K
}
Event: 17.336 GC heap before
{Heap before GC invocations=24 (full 0):
 garbage-first heap   total 84992K, used 68024K [0x0000000082800000, 0x0000000100000000)
  region size 1024K, 26 young (26624K), 3 survivors (3072K)
 Metaspace       used 88779K, committed 89472K, reserved 1179648K
  class space    used 12027K, committed 12352K, reserved 1048576K
}
Event: 17.338 GC heap after
{Heap after GC invocations=25 (full 0):
 garbage-first heap   total 84992K, used 46159K [0x0000000082800000, 0x0000000100000000)
  region size 1024K, 3 young (3072K), 3 survivors (3072K)
 Metaspace       used 88779K, committed 89472K, reserved 1179648K
  class space    used 12027K, committed 12352K, reserved 1048576K
}
Event: 29.719 GC heap before
{Heap before GC invocations=25 (full 0):
 garbage-first heap   total 84992K, used 47183K [0x0000000082800000, 0x0000000100000000)
  region size 1024K, 4 young (4096K), 3 survivors (3072K)
 Metaspace       used 88833K, committed 89536K, reserved 1179648K
  class space    used 12029K, committed 12352K, reserved 1048576K
}
Event: 29.727 GC heap after
{Heap after GC invocations=26 (full 0):
 garbage-first heap   total 84992K, used 46349K [0x0000000082800000, 0x0000000100000000)
  region size 1024K, 1 young (1024K), 1 survivors (1024K)
 Metaspace       used 88833K, committed 89536K, reserved 1179648K
  class space    used 12029K, committed 12352K, reserved 1048576K
}
Event: 372.101 GC heap before
{Heap before GC invocations=26 (full 0):
 garbage-first heap   total 84992K, used 69901K [0x0000000082800000, 0x0000000100000000)
  region size 1024K, 24 young (24576K), 1 survivors (1024K)
 Metaspace       used 90605K, committed 91392K, reserved 1179648K
  class space    used 12181K, committed 12544K, reserved 1048576K
}
Event: 372.200 GC heap after
{Heap after GC invocations=27 (full 0):
 garbage-first heap   total 84992K, used 47496K [0x0000000082800000, 0x0000000100000000)
  region size 1024K, 2 young (2048K), 2 survivors (2048K)
 Metaspace       used 90605K, committed 91392K, reserved 1179648K
  class space    used 12181K, committed 12544K, reserved 1048576K
}
Event: 647.107 GC heap before
{Heap before GC invocations=28 (full 0):
 garbage-first heap   total 89088K, used 70024K [0x0000000082800000, 0x0000000100000000)
  region size 1024K, 24 young (24576K), 2 survivors (2048K)
 Metaspace       used 91284K, committed 92096K, reserved 1179648K
  class space    used 12213K, committed 12608K, reserved 1048576K
}
Event: 647.135 GC heap after
{Heap after GC invocations=29 (full 0):
 garbage-first heap   total 107520K, used 47525K [0x0000000082800000, 0x0000000100000000)
  region size 1024K, 2 young (2048K), 2 survivors (2048K)
 Metaspace       used 91284K, committed 92096K, reserved 1179648K
  class space    used 12213K, committed 12608K, reserved 1048576K
}
Event: 687.326 GC heap before
{Heap before GC invocations=29 (full 0):
 garbage-first heap   total 107520K, used 50597K [0x0000000082800000, 0x0000000100000000)
  region size 1024K, 5 young (5120K), 2 survivors (2048K)
 Metaspace       used 91320K, committed 92160K, reserved 1179648K
  class space    used 12213K, committed 12608K, reserved 1048576K
}
Event: 687.344 GC heap after
{Heap after GC invocations=30 (full 0):
 garbage-first heap   total 107520K, used 47101K [0x0000000082800000, 0x0000000100000000)
  region size 1024K, 1 young (1024K), 1 survivors (1024K)
 Metaspace       used 91320K, committed 92160K, reserved 1179648K
  class space    used 12213K, committed 12608K, reserved 1048576K
}
Event: 2178.613 GC heap before
{Heap before GC invocations=30 (full 0):
 garbage-first heap   total 107520K, used 88061K [0x0000000082800000, 0x0000000100000000)
  region size 1024K, 41 young (41984K), 1 survivors (1024K)
 Metaspace       used 92484K, committed 93312K, reserved 1179648K
  class space    used 12262K, committed 12672K, reserved 1048576K
}
Event: 2178.643 GC heap after
{Heap after GC invocations=31 (full 0):
 garbage-first heap   total 107520K, used 47873K [0x0000000082800000, 0x0000000100000000)
  region size 1024K, 2 young (2048K), 2 survivors (2048K)
 Metaspace       used 92484K, committed 93312K, reserved 1179648K
  class space    used 12262K, committed 12672K, reserved 1048576K
}
Event: 3384.268 GC heap before
{Heap before GC invocations=31 (full 0):
 garbage-first heap   total 107520K, used 88833K [0x0000000082800000, 0x0000000100000000)
  region size 1024K, 42 young (43008K), 2 survivors (2048K)
 Metaspace       used 93456K, committed 94336K, reserved 1179648K
  class space    used 12316K, committed 12736K, reserved 1048576K
}
Event: 3384.300 GC heap after
{Heap after GC invocations=32 (full 0):
 garbage-first heap   total 107520K, used 48203K [0x0000000082800000, 0x0000000100000000)
  region size 1024K, 2 young (2048K), 2 survivors (2048K)
 Metaspace       used 93456K, committed 94336K, reserved 1179648K
  class space    used 12316K, committed 12736K, reserved 1048576K
}

